2026-04-13T15:20:19.839164Z  INFO tailwindcss_oxide::scanner: Provided sources:
2026-04-13T15:20:19.839403Z  INFO tailwindcss_oxide::scanner: Source: PublicSourceEntry { base: "/Users/boku/Desktop/workspace/hooni-labs/apps/web", pattern: "**/*", negated: false }
2026-04-13T15:20:19.839462Z  INFO tailwindcss_oxide::scanner: Optimized sources:
2026-04-13T15:20:19.839469Z  INFO tailwindcss_oxide::scanner: Source: Auto { base: "/Users/boku/Desktop/workspace/hooni-labs/apps/web" }
2026-04-13T15:20:19.840308Z  INFO discover_sources: tailwindcss_oxide::scanner: enter
2026-04-13T15:20:19.840319Z  INFO discover_sources:walk_synchronous: tailwindcss_oxide::scanner: enter
2026-04-13T15:20:19.841720Z  INFO discover_sources:walk_synchronous: tailwindcss_oxide::scanner: exit
2026-04-13T15:20:19.841990Z  INFO tailwindcss_oxide::scanner: Reading "/Users/boku/Desktop/workspace/hooni-labs/apps/web/wrangler.jsonc"
2026-04-13T15:20:19.842032Z  INFO tailwindcss_oxide::scanner: Reading "/Users/boku/Desktop/workspace/hooni-labs/apps/web/tsconfig.json"
2026-04-13T15:20:19.842043Z  INFO tailwindcss_oxide::scanner: Reading "/Users/boku/Desktop/workspace/hooni-labs/apps/web/src/components/ThemeToggle.tsx"
2026-04-13T15:20:19.842067Z  INFO tailwindcss_oxide::scanner: Reading "/Users/boku/Desktop/workspace/hooni-labs/apps/web/src/components/Footer.tsx"
2026-04-13T15:20:19.842072Z  INFO tailwindcss_oxide::scanner: Reading "/Users/boku/Desktop/workspace/hooni-labs/apps/web/src/components/Header.tsx"
2026-04-13T15:20:19.842152Z  INFO tailwindcss_oxide::scanner: Reading "/Users/boku/Desktop/workspace/hooni-labs/apps/web/src/router.tsx"
2026-04-13T15:20:19.842152Z  INFO tailwindcss_oxide::scanner: Reading "/Users/boku/Desktop/workspace/hooni-labs/apps/web/public/manifest.json"
2026-04-13T15:20:19.842161Z  INFO tailwindcss_oxide::scanner: Reading "/Users/boku/Desktop/workspace/hooni-labs/apps/web/src/routes/__root.tsx"
2026-04-13T15:20:19.842200Z  INFO tailwindcss_oxide::scanner: Reading "/Users/boku/Desktop/workspace/hooni-labs/apps/web/src/routeTree.gen.ts"
2026-04-13T15:20:19.842209Z  INFO tailwindcss_oxide::scanner: Reading "/Users/boku/Desktop/workspace/hooni-labs/apps/web/public/robots.txt"
2026-04-13T15:20:19.842218Z  INFO tailwindcss_oxide::scanner: Reading "/Users/boku/Desktop/workspace/hooni-labs/apps/web/src/routes/about.tsx"
2026-04-13T15:20:19.842245Z  INFO tailwindcss_oxide::scanner: Reading "/Users/boku/Desktop/workspace/hooni-labs/apps/web/src/lib/utils.ts"
2026-04-13T15:20:19.842259Z  INFO tailwindcss_oxide::scanner: Reading "/Users/boku/Desktop/workspace/hooni-labs/apps/web/package.json"
2026-04-13T15:20:19.842251Z  INFO tailwindcss_oxide::scanner: Reading "/Users/boku/Desktop/workspace/hooni-labs/apps/web/.vscode/settings.json"
2026-04-13T15:20:19.842247Z  INFO tailwindcss_oxide::scanner: Reading "/Users/boku/Desktop/workspace/hooni-labs/apps/web/README.md"
2026-04-13T15:20:19.842273Z  INFO tailwindcss_oxide::scanner: Reading "/Users/boku/Desktop/workspace/hooni-labs/apps/web/src/components/ui/button.tsx"
2026-04-13T15:20:19.842347Z  INFO tailwindcss_oxide::scanner: Reading "/Users/boku/Desktop/workspace/hooni-labs/apps/web/.env.example"
2026-04-13T15:20:19.842338Z  INFO tailwindcss_oxide::scanner: Reading "/Users/boku/Desktop/workspace/hooni-labs/apps/web/.cta.json"
2026-04-13T15:20:19.842381Z  INFO tailwindcss_oxide::scanner: Reading "/Users/boku/Desktop/workspace/hooni-labs/apps/web/src/routes/index.tsx"
2026-04-13T15:20:19.842355Z  INFO tailwindcss_oxide::scanner: Reading "/Users/boku/Desktop/workspace/hooni-labs/apps/web/src/lib/api/index.ts"
2026-04-13T15:20:19.842357Z  INFO tailwindcss_oxide::scanner: Reading "/Users/boku/Desktop/workspace/hooni-labs/apps/web/vite.config.ts"
2026-04-13T15:20:19.842449Z  INFO tailwindcss_oxide::scanner: Reading "/Users/boku/Desktop/workspace/hooni-labs/apps/web/src/store/useAuthStore.ts"
2026-04-13T15:20:19.842430Z  INFO tailwindcss_oxide::scanner: Reading "/Users/boku/Desktop/workspace/hooni-labs/apps/web/src/lib/db/types.ts"
2026-04-13T15:20:19.842353Z  INFO tailwindcss_oxide::scanner: Reading "/Users/boku/Desktop/workspace/hooni-labs/apps/web/src/lib/api/client.ts"
2026-04-13T15:20:19.842467Z  INFO tailwindcss_oxide::scanner: Reading "/Users/boku/Desktop/workspace/hooni-labs/apps/web/src/store/useUIStore.ts"
2026-04-13T15:20:19.842604Z  INFO tailwindcss_oxide::scanner: Reading "/Users/boku/Desktop/workspace/hooni-labs/apps/web/src/lib/db/index.ts"
2026-04-13T15:20:19.842652Z  INFO tailwindcss_oxide::scanner: Reading "/Users/boku/Desktop/workspace/hooni-labs/apps/web/src/lib/db/supabase.ts"
2026-04-13T15:20:19.842748Z  INFO tailwindcss_oxide::scanner: Reading "/Users/boku/Desktop/workspace/hooni-labs/apps/web/components.json"
2026-04-13T15:20:19.842774Z  INFO discover_sources: tailwindcss_oxide::scanner: exit
2026-04-13T15:20:19.842780Z  INFO extract_candidates: tailwindcss_oxide::scanner: enter
2026-04-13T15:20:19.842784Z  INFO extract_candidates:parse_all_blobs: tailwindcss_oxide::scanner: enter
2026-04-13T15:20:19.842788Z  INFO extract_candidates:parse_all_blobs:extract: tailwindcss_oxide::scanner: enter
2026-04-13T15:20:19.843661Z  INFO extract_candidates:parse_all_blobs:extract: tailwindcss_oxide::scanner: exit
2026-04-13T15:20:19.843670Z  INFO extract_candidates:parse_all_blobs: tailwindcss_oxide::scanner: exit
2026-04-13T15:20:19.843675Z  INFO extract_candidates:read_all_files: tailwindcss_oxide::scanner: enter
2026-04-13T15:20:19.843679Z  INFO extract_candidates:read_all_files: tailwindcss_oxide::scanner: Reading 1 file(s)
2026-04-13T15:20:19.843706Z  INFO extract_candidates:read_all_files: tailwindcss_oxide::scanner: Reading "/Users/boku/Desktop/workspace/hooni-labs/apps/web/src/styles.css"
2026-04-13T15:20:19.843712Z  INFO extract_candidates:read_all_files: tailwindcss_oxide::scanner: exit
2026-04-13T15:20:19.843715Z  INFO extract_candidates:extract_css_variables: tailwindcss_oxide::scanner: enter
2026-04-13T15:20:19.843719Z  INFO extract_candidates:extract_css_variables:extract: tailwindcss_oxide::scanner: enter
2026-04-13T15:20:19.849672Z  INFO extract_candidates:extract_css_variables:extract: tailwindcss_oxide::scanner: exit
2026-04-13T15:20:19.849690Z  INFO extract_candidates:extract_css_variables: tailwindcss_oxide::scanner: exit
2026-04-13T15:20:19.849818Z  INFO extract_candidates: tailwindcss_oxide::scanner: exit
2026-04-13T15:20:19.850274Z  INFO get_files: tailwindcss_oxide::scanner: enter
2026-04-13T15:20:19.850296Z  INFO get_files:discover_sources: tailwindcss_oxide::scanner: enter
2026-04-13T15:20:19.850307Z  INFO get_files:discover_sources: tailwindcss_oxide::scanner: exit
2026-04-13T15:20:19.850571Z  INFO get_files: tailwindcss_oxide::scanner: exit
2026-04-13T15:20:19.850684Z  INFO get_globs: tailwindcss_oxide::scanner: enter
2026-04-13T15:20:19.850696Z  INFO get_globs:discover_sources: tailwindcss_oxide::scanner: enter
2026-04-13T15:20:19.850705Z  INFO get_globs:discover_sources: tailwindcss_oxide::scanner: exit
2026-04-13T15:20:19.852813Z  INFO get_globs: tailwindcss_oxide::scanner: exit
2026-04-13T15:20:20.226072Z  INFO tailwindcss_oxide::scanner: Provided sources:
2026-04-13T15:20:20.226238Z  INFO tailwindcss_oxide::scanner: Source: PublicSourceEntry { base: "/Users/boku/Desktop/workspace/hooni-labs/apps/web", pattern: "**/*", negated: false }
2026-04-13T15:20:20.226289Z  INFO tailwindcss_oxide::scanner: Optimized sources:
2026-04-13T15:20:20.226295Z  INFO tailwindcss_oxide::scanner: Source: Auto { base: "/Users/boku/Desktop/workspace/hooni-labs/apps/web" }
2026-04-13T15:20:20.226355Z  INFO discover_sources: tailwindcss_oxide::scanner: enter
2026-04-13T15:20:20.226363Z  INFO discover_sources:walk_synchronous: tailwindcss_oxide::scanner: enter
2026-04-13T15:20:20.227987Z  INFO discover_sources:walk_synchronous: tailwindcss_oxide::scanner: exit
2026-04-13T15:20:20.228083Z  INFO tailwindcss_oxide::scanner: Reading "/Users/boku/Desktop/workspace/hooni-labs/apps/web/.cta.json"
2026-04-13T15:20:20.228120Z  INFO tailwindcss_oxide::scanner: Reading "/Users/boku/Desktop/workspace/hooni-labs/apps/web/src/components/Footer.tsx"
2026-04-13T15:20:20.228187Z  INFO tailwindcss_oxide::scanner: Reading "/Users/boku/Desktop/workspace/hooni-labs/apps/web/src/components/Header.tsx"
2026-04-13T15:20:20.228186Z  INFO tailwindcss_oxide::scanner: Reading "/Users/boku/Desktop/workspace/hooni-labs/apps/web/src/components/ThemeToggle.tsx"
2026-04-13T15:20:20.228193Z  INFO tailwindcss_oxide::scanner: Reading "/Users/boku/Desktop/workspace/hooni-labs/apps/web/public/manifest.json"
2026-04-13T15:20:20.228254Z  INFO tailwindcss_oxide::scanner: Reading "/Users/boku/Desktop/workspace/hooni-labs/apps/web/public/robots.txt"
2026-04-13T15:20:20.228282Z  INFO tailwindcss_oxide::scanner: Reading "/Users/boku/Desktop/workspace/hooni-labs/apps/web/vite.config.ts"
2026-04-13T15:20:20.228200Z  INFO tailwindcss_oxide::scanner: Reading "/Users/boku/Desktop/workspace/hooni-labs/apps/web/.env.example"
2026-04-13T15:20:20.228200Z  INFO tailwindcss_oxide::scanner: Reading "/Users/boku/Desktop/workspace/hooni-labs/apps/web/.vscode/settings.json"
2026-04-13T15:20:20.228229Z  INFO tailwindcss_oxide::scanner: Reading "/Users/boku/Desktop/workspace/hooni-labs/apps/web/package.json"
2026-04-13T15:20:20.228264Z  INFO tailwindcss_oxide::scanner: Reading "/Users/boku/Desktop/workspace/hooni-labs/apps/web/src/router.tsx"
2026-04-13T15:20:20.228368Z  INFO tailwindcss_oxide::scanner: Reading "/Users/boku/Desktop/workspace/hooni-labs/apps/web/src/lib/db/index.ts"
2026-04-13T15:20:20.228266Z  INFO tailwindcss_oxide::scanner: Reading "/Users/boku/Desktop/workspace/hooni-labs/apps/web/components.json"
2026-04-13T15:20:20.228193Z  INFO tailwindcss_oxide::scanner: Reading "/Users/boku/Desktop/workspace/hooni-labs/apps/web/tsconfig.json"
2026-04-13T15:20:20.228197Z  INFO tailwindcss_oxide::scanner: Reading "/Users/boku/Desktop/workspace/hooni-labs/apps/web/wrangler.jsonc"
2026-04-13T15:20:20.228341Z  INFO tailwindcss_oxide::scanner: Reading "/Users/boku/Desktop/workspace/hooni-labs/apps/web/src/lib/api/client.ts"
2026-04-13T15:20:20.228448Z  INFO tailwindcss_oxide::scanner: Reading "/Users/boku/Desktop/workspace/hooni-labs/apps/web/src/routes/__root.tsx"
2026-04-13T15:20:20.228350Z  INFO tailwindcss_oxide::scanner: Reading "/Users/boku/Desktop/workspace/hooni-labs/apps/web/src/lib/utils.ts"
2026-04-13T15:20:20.228473Z  INFO tailwindcss_oxide::scanner: Reading "/Users/boku/Desktop/workspace/hooni-labs/apps/web/src/lib/db/supabase.ts"
2026-04-13T15:20:20.228298Z  INFO tailwindcss_oxide::scanner: Reading "/Users/boku/Desktop/workspace/hooni-labs/apps/web/src/components/ui/button.tsx"
2026-04-13T15:20:20.228473Z  INFO tailwindcss_oxide::scanner: Reading "/Users/boku/Desktop/workspace/hooni-labs/apps/web/src/lib/db/types.ts"
2026-04-13T15:20:20.228519Z  INFO tailwindcss_oxide::scanner: Reading "/Users/boku/Desktop/workspace/hooni-labs/apps/web/src/store/useAuthStore.ts"
2026-04-13T15:20:20.228350Z  INFO tailwindcss_oxide::scanner: Reading "/Users/boku/Desktop/workspace/hooni-labs/apps/web/src/routeTree.gen.ts"
2026-04-13T15:20:20.228478Z  INFO tailwindcss_oxide::scanner: Reading "/Users/boku/Desktop/workspace/hooni-labs/apps/web/src/routes/index.tsx"
2026-04-13T15:20:20.228453Z  INFO tailwindcss_oxide::scanner: Reading "/Users/boku/Desktop/workspace/hooni-labs/apps/web/README.md"
2026-04-13T15:20:20.228504Z  INFO tailwindcss_oxide::scanner: Reading "/Users/boku/Desktop/workspace/hooni-labs/apps/web/src/routes/about.tsx"
2026-04-13T15:20:20.228511Z  INFO tailwindcss_oxide::scanner: Reading "/Users/boku/Desktop/workspace/hooni-labs/apps/web/src/store/useUIStore.ts"
2026-04-13T15:20:20.228478Z  INFO tailwindcss_oxide::scanner: Reading "/Users/boku/Desktop/workspace/hooni-labs/apps/web/src/lib/api/index.ts"
2026-04-13T15:20:20.228641Z  INFO discover_sources: tailwindcss_oxide::scanner: exit
2026-04-13T15:20:20.228648Z  INFO extract_candidates: tailwindcss_oxide::scanner: enter
2026-04-13T15:20:20.228653Z  INFO extract_candidates:parse_all_blobs: tailwindcss_oxide::scanner: enter
2026-04-13T15:20:20.228657Z  INFO extract_candidates:parse_all_blobs:extract: tailwindcss_oxide::scanner: enter
2026-04-13T15:20:20.229327Z  INFO extract_candidates:parse_all_blobs:extract: tailwindcss_oxide::scanner: exit
2026-04-13T15:20:20.229344Z  INFO extract_candidates:parse_all_blobs: tailwindcss_oxide::scanner: exit
2026-04-13T15:20:20.229350Z  INFO extract_candidates:read_all_files: tailwindcss_oxide::scanner: enter
2026-04-13T15:20:20.229354Z  INFO extract_candidates:read_all_files: tailwindcss_oxide::scanner: Reading 1 file(s)
2026-04-13T15:20:20.229386Z  INFO extract_candidates:read_all_files: tailwindcss_oxide::scanner: Reading "/Users/boku/Desktop/workspace/hooni-labs/apps/web/src/styles.css"
2026-04-13T15:20:20.229391Z  INFO extract_candidates:read_all_files: tailwindcss_oxide::scanner: exit
2026-04-13T15:20:20.229395Z  INFO extract_candidates:extract_css_variables: tailwindcss_oxide::scanner: enter
2026-04-13T15:20:20.229399Z  INFO extract_candidates:extract_css_variables:extract: tailwindcss_oxide::scanner: enter
2026-04-13T15:20:20.229734Z  INFO extract_candidates:extract_css_variables:extract: tailwindcss_oxide::scanner: exit
2026-04-13T15:20:20.229742Z  INFO extract_candidates:extract_css_variables: tailwindcss_oxide::scanner: exit
2026-04-13T15:20:20.229869Z  INFO extract_candidates: tailwindcss_oxide::scanner: exit
2026-04-13T15:20:20.230216Z  INFO get_files: tailwindcss_oxide::scanner: enter
2026-04-13T15:20:20.230232Z  INFO get_files:discover_sources: tailwindcss_oxide::scanner: enter
2026-04-13T15:20:20.230237Z  INFO get_files:discover_sources: tailwindcss_oxide::scanner: exit
2026-04-13T15:20:20.230345Z  INFO get_files: tailwindcss_oxide::scanner: exit
2026-04-13T15:20:20.230408Z  INFO get_globs: tailwindcss_oxide::scanner: enter
2026-04-13T15:20:20.230414Z  INFO get_globs:discover_sources: tailwindcss_oxide::scanner: enter
2026-04-13T15:20:20.230418Z  INFO get_globs:discover_sources: tailwindcss_oxide::scanner: exit
2026-04-13T15:20:20.232239Z  INFO get_globs: tailwindcss_oxide::scanner: exit
